===== STDOUT =====

===== STDERR =====
test_checkpoint_metadata_mismatch_blocks_output_validation (test_check_output_gate.CheckOutputGateTests.test_checkpoint_metadata_mismatch_blocks_output_validation) ... ok
test_complete_evidence_validates_and_writes_human_summary (test_check_output_gate.CheckOutputGateTests.test_complete_evidence_validates_and_writes_human_summary) ... ok
test_failing_report_blocks_output_validation (test_check_output_gate.CheckOutputGateTests.test_failing_report_blocks_output_validation) ... ok
test_failing_report_cli_returns_gate_blocked_exit_code (test_check_output_gate.CheckOutputGateTests.test_failing_report_cli_returns_gate_blocked_exit_code) ... ok
test_malformed_report_blocks_output_validation (test_check_output_gate.CheckOutputGateTests.test_malformed_report_blocks_output_validation) ... ok
test_missing_main_report_blocks_output_validation (test_check_output_gate.CheckOutputGateTests.test_missing_main_report_blocks_output_validation) ... ok
test_missing_one_section_report_blocks_output_validation (test_check_output_gate.CheckOutputGateTests.test_missing_one_section_report_blocks_output_validation) ... ok
test_missing_outline_report_blocks_output_validation (test_check_output_gate.CheckOutputGateTests.test_missing_outline_report_blocks_output_validation) ... ok
test_missing_section_report_blocks_output_validation (test_check_output_gate.CheckOutputGateTests.test_missing_section_report_blocks_output_validation) ... ok
test_missing_waiver_evidence_blocks_output_validation (test_check_output_gate.CheckOutputGateTests.test_missing_waiver_evidence_blocks_output_validation) ... ok
test_missing_waiver_evidence_cli_returns_waiver_invalid_exit_code (test_check_output_gate.CheckOutputGateTests.test_missing_waiver_evidence_cli_returns_waiver_invalid_exit_code) ... ok
test_orphan_section_report_without_source_blocks_output_validation (test_check_output_gate.CheckOutputGateTests.test_orphan_section_report_without_source_blocks_output_validation) ... ok
test_stale_section_report_blocks_output_validation (test_check_output_gate.CheckOutputGateTests.test_stale_section_report_blocks_output_validation) ... ok
test_stale_section_report_cli_returns_validation_failure_exit_code (test_check_output_gate.CheckOutputGateTests.test_stale_section_report_cli_returns_validation_failure_exit_code) ... ok
test_target_path_mismatch_blocks_output_validation (test_check_output_gate.CheckOutputGateTests.test_target_path_mismatch_blocks_output_validation) ... ok
test_valid_waiver_allows_output_validation_and_is_recorded_in_summary (test_check_output_gate.CheckOutputGateTests.test_valid_waiver_allows_output_validation_and_is_recorded_in_summary) ... ok
test_cli_returns_nonzero_for_codex_and_json_failures (test_evaluate_pyramid_text.EvaluatePyramidTextTests.test_cli_returns_nonzero_for_codex_and_json_failures) ... ok
test_codex_runner_decodes_output_as_utf8_with_replacement (test_evaluate_pyramid_text.EvaluatePyramidTextTests.test_codex_runner_decodes_output_as_utf8_with_replacement) ... ok
test_default_codex_executable_prefers_cmd_shim_on_windows (test_evaluate_pyramid_text.EvaluatePyramidTextTests.test_default_codex_executable_prefers_cmd_shim_on_windows) ... ok
test_explicit_codex_model_overrides_default (test_evaluate_pyramid_text.EvaluatePyramidTextTests.test_explicit_codex_model_overrides_default) ... ok
test_semantic_schema_limits_codex_output_to_judgment_fields (test_evaluate_pyramid_text.EvaluatePyramidTextTests.test_semantic_schema_limits_codex_output_to_judgment_fields) ... ok
test_size_limit_blocks_over_limit_without_approval_and_records_approval_when_allowed (test_evaluate_pyramid_text.EvaluatePyramidTextTests.test_size_limit_blocks_over_limit_without_approval_and_records_approval_when_allowed) ... ok
test_tex_document_expands_inputs_and_recomputes_weighted_score (test_evaluate_pyramid_text.EvaluatePyramidTextTests.test_tex_document_expands_inputs_and_recomputes_weighted_score) ... ok
test_video_report_scratch_stays_under_video_output_trash (test_evaluate_pyramid_text.EvaluatePyramidTextTests.test_video_report_scratch_stays_under_video_output_trash) ... ok
test_wrapper_waiver_requires_approver_and_reason_before_codex_runs (test_evaluate_pyramid_text.EvaluatePyramidTextTests.test_wrapper_waiver_requires_approver_and_reason_before_codex_runs) ... ok
test_writes_caller_owned_explicit_waiver_without_changing_semantic_status (test_evaluate_pyramid_text.EvaluatePyramidTextTests.test_writes_caller_owned_explicit_waiver_without_changing_semantic_status) ... ok
test_writes_report_and_invokes_codex_with_constrained_command (test_evaluate_pyramid_text.EvaluatePyramidTextTests.test_writes_report_and_invokes_codex_with_constrained_command) ... ok
test_accepts_generalized_gate_report (test_validate_report.ValidateReportTests.test_accepts_generalized_gate_report) ... ok
test_cli_detects_mismatched_input_fingerprint (test_validate_report.ValidateReportTests.test_cli_detects_mismatched_input_fingerprint) ... ok
test_cli_exit_codes_distinguish_validation_gate_and_waiver_failures (test_validate_report.ValidateReportTests.test_cli_exit_codes_distinguish_validation_gate_and_waiver_failures) ... ok
test_enforce_gate_allows_valid_explicit_waiver (test_validate_report.ValidateReportTests.test_enforce_gate_allows_valid_explicit_waiver) ... ok
test_enforce_gate_blocks_needs_revision_and_blocked_without_waiver (test_validate_report.ValidateReportTests.test_enforce_gate_blocks_needs_revision_and_blocked_without_waiver) ... ok
test_rejects_invalid_generalized_reports (test_validate_report.ValidateReportTests.test_rejects_invalid_generalized_reports) ... ok

----------------------------------------------------------------------
Ran 33 tests in 3.833s

OK
