===== STDOUT =====

===== STDERR =====
test_check_blocks_malformed_session_target_with_specific_reason (__main__.DeliveryGuardTests.test_check_blocks_malformed_session_target_with_specific_reason) ... ok
test_check_blocks_missing_allowed_artifacts_manifest (__main__.DeliveryGuardTests.test_check_blocks_missing_allowed_artifacts_manifest) ... ok
test_check_blocks_missing_session_target_path (__main__.DeliveryGuardTests.test_check_blocks_missing_session_target_path) ... ok
test_check_blocks_missing_video_delivery_target (__main__.DeliveryGuardTests.test_check_blocks_missing_video_delivery_target) ... ok
test_check_blocks_session_payload_at_non_session_target_path (__main__.DeliveryGuardTests.test_check_blocks_session_payload_at_non_session_target_path) ... ok
test_check_blocks_session_target_when_path_session_id_disagrees (__main__.DeliveryGuardTests.test_check_blocks_session_target_when_path_session_id_disagrees) ... ok
test_check_rejects_acceptance_report_with_forbidden_context (__main__.DeliveryGuardTests.test_check_rejects_acceptance_report_with_forbidden_context) ... ok
test_check_rejects_compile_report_for_wrong_pdf (__main__.DeliveryGuardTests.test_check_rejects_compile_report_for_wrong_pdf) ... ok
test_check_rejects_compile_report_for_wrong_tex (__main__.DeliveryGuardTests.test_check_rejects_compile_report_for_wrong_tex) ... ok
test_check_rejects_compile_report_with_stale_wrapper_fingerprint (__main__.DeliveryGuardTests.test_check_rejects_compile_report_with_stale_wrapper_fingerprint) ... ok
test_check_rejects_compile_report_without_final_mode_argv (__main__.DeliveryGuardTests.test_check_rejects_compile_report_without_final_mode_argv) ... ok
test_check_rejects_explicit_legacy_current_target (__main__.DeliveryGuardTests.test_check_rejects_explicit_legacy_current_target) ... ok
test_check_rejects_failed_acceptance_report_decision (__main__.DeliveryGuardTests.test_check_rejects_failed_acceptance_report_decision) ... ok
test_check_rejects_failed_final_compile_report (__main__.DeliveryGuardTests.test_check_rejects_failed_final_compile_report) ... ok
test_check_rejects_final_compile_report_with_missing_or_wrong_schema (__main__.DeliveryGuardTests.test_check_rejects_final_compile_report_with_missing_or_wrong_schema) ... ok
test_check_rejects_handwritten_compile_report_without_wrapper_producer (__main__.DeliveryGuardTests.test_check_rejects_handwritten_compile_report_without_wrapper_producer) ... ok
test_check_rejects_malformed_acceptance_report (__main__.DeliveryGuardTests.test_check_rejects_malformed_acceptance_report) ... ok
test_check_rejects_malformed_final_compile_report (__main__.DeliveryGuardTests.test_check_rejects_malformed_final_compile_report) ... ok
test_check_rejects_manifest_mismatch_and_missing_rendered_page_coverage (__main__.DeliveryGuardTests.test_check_rejects_manifest_mismatch_and_missing_rendered_page_coverage) ... ok
test_check_rejects_missing_final_compile_report_for_new_video_target (__main__.DeliveryGuardTests.test_check_rejects_missing_final_compile_report_for_new_video_target) ... ok
test_check_rejects_missing_rendered_page_image (__main__.DeliveryGuardTests.test_check_rejects_missing_rendered_page_image) ... ok
test_check_rejects_quick_mode_compile_report (__main__.DeliveryGuardTests.test_check_rejects_quick_mode_compile_report) ... ok
test_check_rejects_stale_acceptance_report (__main__.DeliveryGuardTests.test_check_rejects_stale_acceptance_report) ... ok
test_check_rejects_stale_compile_report_pdf_fingerprint (__main__.DeliveryGuardTests.test_check_rejects_stale_compile_report_pdf_fingerprint) ... ok
test_check_rejects_stale_compile_report_tex_fingerprint (__main__.DeliveryGuardTests.test_check_rejects_stale_compile_report_tex_fingerprint) ... ok
test_check_requires_explicit_session_scoped_current_target (__main__.DeliveryGuardTests.test_check_requires_explicit_session_scoped_current_target) ... ok
test_check_writes_fresh_passing_guard_report (__main__.DeliveryGuardTests.test_check_writes_fresh_passing_guard_report) ... ok
test_clear_target_archives_session_target_and_marks_task_delivered (__main__.DeliveryGuardTests.test_clear_target_archives_session_target_and_marks_task_delivered) ... ok
test_clear_target_missing_session_target_is_idempotent (__main__.DeliveryGuardTests.test_clear_target_missing_session_target_is_idempotent) ... ok
test_clear_target_rejects_video_dir_mismatch_before_archive (__main__.DeliveryGuardTests.test_clear_target_rejects_video_dir_mismatch_before_archive) ... ok
test_concurrent_sessions_pass_and_block_without_cross_session_leakage (__main__.DeliveryGuardTests.test_concurrent_sessions_pass_and_block_without_cross_session_leakage) ... ok
test_concurrent_task_index_rejects_same_video_owner_and_allows_handoff (__main__.DeliveryGuardTests.test_concurrent_task_index_rejects_same_video_owner_and_allows_handoff) ... ok
test_delivered_archive_for_one_session_preserves_other_active_session (__main__.DeliveryGuardTests.test_delivered_archive_for_one_session_preserves_other_active_session) ... ok
test_diagnostic_video_output_dir_entrypoint_cannot_replace_session_target (__main__.DeliveryGuardTests.test_diagnostic_video_output_dir_entrypoint_cannot_replace_session_target) ... ok
test_hook_stop_allows_delivered_session_target_and_reports_archive_workflow (__main__.DeliveryGuardTests.test_hook_stop_allows_delivered_session_target_and_reports_archive_workflow) ... ok
test_hook_stop_allows_generating_session_target_from_official_hook_input (__main__.DeliveryGuardTests.test_hook_stop_allows_generating_session_target_from_official_hook_input) ... ok
test_hook_stop_allows_missing_target_and_generating_stage (__main__.DeliveryGuardTests.test_hook_stop_allows_missing_target_and_generating_stage) ... ok
test_hook_stop_blocks_blocked_stage_with_recovery_instruction (__main__.DeliveryGuardTests.test_hook_stop_blocks_blocked_stage_with_recovery_instruction) ... ok
test_hook_stop_blocks_missing_session_id_from_official_hook_input (__main__.DeliveryGuardTests.test_hook_stop_blocks_missing_session_id_from_official_hook_input) ... ok
test_hook_stop_dispatches_guard_for_ready_or_accepted_session_target (__main__.DeliveryGuardTests.test_hook_stop_dispatches_guard_for_ready_or_accepted_session_target) ... ok
test_hook_stop_does_not_scan_task_index_to_decide_blocking (__main__.DeliveryGuardTests.test_hook_stop_does_not_scan_task_index_to_decide_blocking) ... ok
test_hook_stop_reruns_guard_when_session_target_fingerprint_changes (__main__.DeliveryGuardTests.test_hook_stop_reruns_guard_when_session_target_fingerprint_changes) ... ok
test_hook_stop_runs_guard_once_then_reuses_fresh_report (__main__.DeliveryGuardTests.test_hook_stop_runs_guard_once_then_reuses_fresh_report) ... ok
test_legacy_existing_pdf_can_explicitly_skip_compile_provenance (__main__.DeliveryGuardTests.test_legacy_existing_pdf_can_explicitly_skip_compile_provenance) ... ok
test_legacy_recompile_target_requires_compile_provenance (__main__.DeliveryGuardTests.test_legacy_recompile_target_requires_compile_provenance) ... ok
test_legacy_skip_requires_explicit_no_recompile_claim (__main__.DeliveryGuardTests.test_legacy_skip_requires_explicit_no_recompile_claim) ... ok
test_new_video_target_cannot_disable_compile_provenance (__main__.DeliveryGuardTests.test_new_video_target_cannot_disable_compile_provenance) ... ok
test_old_pdf_prepare_accepts_explicit_video_output_dir (__main__.DeliveryGuardTests.test_old_pdf_prepare_accepts_explicit_video_output_dir) ... ok
test_old_pdf_prepare_blocks_ambiguous_or_escaping_video_dir_before_mutating_targets (__main__.DeliveryGuardTests.test_old_pdf_prepare_blocks_ambiguous_or_escaping_video_dir_before_mutating_targets) ... ok
test_old_pdf_prepare_infers_video_dir_and_rejects_isolated_pdf_without_boundary (__main__.DeliveryGuardTests.test_old_pdf_prepare_infers_video_dir_and_rejects_isolated_pdf_without_boundary) ... ok
test_record_failed_attempt_preserves_evidence_and_blocks_after_third_attempt (__main__.DeliveryGuardTests.test_record_failed_attempt_preserves_evidence_and_blocks_after_third_attempt) ... ok
test_record_failed_attempt_rejects_automatic_waiver_argument (__main__.DeliveryGuardTests.test_record_failed_attempt_rejects_automatic_waiver_argument) ... ok
test_resolver_rejects_invalid_stage_and_path_escape (__main__.DeliveryGuardTests.test_resolver_rejects_invalid_stage_and_path_escape) ... ok
test_successful_fixture_workflow_reaches_guard_and_clears_current_target (__main__.DeliveryGuardTests.test_successful_fixture_workflow_reaches_guard_and_clears_current_target) ... ok
test_task_claim_records_new_active_owner_for_unowned_video_dir (__main__.DeliveryGuardTests.test_task_claim_records_new_active_owner_for_unowned_video_dir) ... ok
test_task_claim_resumes_same_owner_and_rejects_different_active_owner (__main__.DeliveryGuardTests.test_task_claim_resumes_same_owner_and_rejects_different_active_owner) ... ok
test_task_handoff_is_required_for_different_session_takeover_and_can_abandon_previous_owner (__main__.DeliveryGuardTests.test_task_handoff_is_required_for_different_session_takeover_and_can_abandon_previous_owner) ... ok
test_task_handoff_records_continuation_and_supersedes_previous_owner (__main__.DeliveryGuardTests.test_task_handoff_records_continuation_and_supersedes_previous_owner) ... ok
test_task_index_schema_and_path_boundaries_are_validated (__main__.DeliveryGuardTests.test_task_index_schema_and_path_boundaries_are_validated) ... ok
test_task_update_moves_active_owner_to_terminal_owner_statuses (__main__.DeliveryGuardTests.test_task_update_moves_active_owner_to_terminal_owner_statuses) ... ok

----------------------------------------------------------------------
Ran 60 tests in 41.937s

OK
