===== STDOUT =====

===== STDERR =====
test_default_criteria_file_satisfies_minimum_contract (test_acceptance_criteria.AcceptanceCriteriaValidationTests.test_default_criteria_file_satisfies_minimum_contract) ... ok
test_delivery_glossary_term_strategy_must_stay_style_scan (test_acceptance_criteria.AcceptanceCriteriaValidationTests.test_delivery_glossary_term_strategy_must_stay_style_scan) ... ok
test_delivery_glossary_term_strategy_text_names_v1_contract_fields (test_acceptance_criteria.AcceptanceCriteriaValidationTests.test_delivery_glossary_term_strategy_text_names_v1_contract_fields) ... ok
test_formula_information_gain_uses_full_formula_scan (test_acceptance_criteria.AcceptanceCriteriaValidationTests.test_formula_information_gain_uses_full_formula_scan) ... ok
test_rejects_missing_allowed_category_criterion (test_acceptance_criteria.AcceptanceCriteriaValidationTests.test_rejects_missing_allowed_category_criterion) ... ok
test_rejects_missing_version_unknown_category_and_non_blocking_fields (test_acceptance_criteria.AcceptanceCriteriaValidationTests.test_rejects_missing_version_unknown_category_and_non_blocking_fields) ... ok
test_requires_argument_chain_integrity_logic_readability_criterion (test_acceptance_criteria.AcceptanceCriteriaValidationTests.test_requires_argument_chain_integrity_logic_readability_criterion) ... ok
test_requires_delivery_glossary_term_strategy_style_criterion (test_acceptance_criteria.AcceptanceCriteriaValidationTests.test_requires_delivery_glossary_term_strategy_style_criterion) ... ok
test_requires_formula_information_gain_criterion (test_acceptance_criteria.AcceptanceCriteriaValidationTests.test_requires_formula_information_gain_criterion) ... ok
test_triggered_structural_scan_requires_boundary_fields_and_examples (test_acceptance_criteria.AcceptanceCriteriaValidationTests.test_triggered_structural_scan_requires_boundary_fields_and_examples) ... ok
test_failed_report_requires_revision_guidance_and_blocks_delivery (test_acceptance_report.AcceptanceReportValidationTests.test_failed_report_requires_revision_guidance_and_blocks_delivery) ... ok
test_formula_failure_blocks_delivery_without_page_failure (test_acceptance_report.AcceptanceReportValidationTests.test_formula_failure_blocks_delivery_without_page_failure) ... ok
test_formula_gate_requires_each_body_formula_to_be_checked (test_acceptance_report.AcceptanceReportValidationTests.test_formula_gate_requires_each_body_formula_to_be_checked) ... ok
test_fresh_passing_report_allows_delivery (test_acceptance_report.AcceptanceReportValidationTests.test_fresh_passing_report_allows_delivery) ... ok
test_glossary_aware_report_passes_only_when_glossary_is_in_manifest (test_acceptance_report.AcceptanceReportValidationTests.test_glossary_aware_report_passes_only_when_glossary_is_in_manifest) ... ok
test_logic_readability_failure_does_not_require_page_failure (test_acceptance_report.AcceptanceReportValidationTests.test_logic_readability_failure_does_not_require_page_failure) ... ok
test_manifest_can_include_delivery_glossary_contract_when_requested (test_acceptance_report.AcceptanceReportValidationTests.test_manifest_can_include_delivery_glossary_contract_when_requested) ... ok
test_manifest_cli_can_include_delivery_glossary_contract_when_requested (test_acceptance_report.AcceptanceReportValidationTests.test_manifest_cli_can_include_delivery_glossary_contract_when_requested) ... ok
test_manifest_generation_rejects_delivery_glossary_role_at_non_default_path (test_acceptance_report.AcceptanceReportValidationTests.test_manifest_generation_rejects_delivery_glossary_role_at_non_default_path) ... ok
test_manifest_records_allowed_artifacts_and_forbidden_categories (test_acceptance_report.AcceptanceReportValidationTests.test_manifest_records_allowed_artifacts_and_forbidden_categories) ... ok
test_rejects_incoherent_decision_forbidden_context_and_stale_fingerprint (test_acceptance_report.AcceptanceReportValidationTests.test_rejects_incoherent_decision_forbidden_context_and_stale_fingerprint) ... ok
test_rejects_missing_formula_scan_evidence_for_formula_gate (test_acceptance_report.AcceptanceReportValidationTests.test_rejects_missing_formula_scan_evidence_for_formula_gate) ... ok
test_rejects_missing_malformed_missing_result_and_duplicate_result_reports (test_acceptance_report.AcceptanceReportValidationTests.test_rejects_missing_malformed_missing_result_and_duplicate_result_reports) ... ok
test_rejects_missing_or_escaping_delivery_glossary_manifest_artifact (test_acceptance_report.AcceptanceReportValidationTests.test_rejects_missing_or_escaping_delivery_glossary_manifest_artifact) ... ok
test_rejects_stale_delivery_glossary_fingerprint (test_acceptance_report.AcceptanceReportValidationTests.test_rejects_stale_delivery_glossary_fingerprint) ... ok
test_rejects_visual_page_count_duplicate_pages_and_failed_page_without_failure_details (test_acceptance_report.AcceptanceReportValidationTests.test_rejects_visual_page_count_duplicate_pages_and_failed_page_without_failure_details) ... ok
test_rejects_visual_page_gaps_and_evidence_outside_manifest (test_acceptance_report.AcceptanceReportValidationTests.test_rejects_visual_page_gaps_and_evidence_outside_manifest) ... ok
test_report_validation_rejects_invalid_delivery_glossary_even_with_fresh_fingerprint (test_acceptance_report.AcceptanceReportValidationTests.test_report_validation_rejects_invalid_delivery_glossary_even_with_fresh_fingerprint) ... ok
test_skeleton_cli_writes_default_template_path (test_acceptance_report.AcceptanceReportValidationTests.test_skeleton_cli_writes_default_template_path) ... ok
test_skeleton_prepopulates_report_contract_and_blocks_until_reviewed (test_acceptance_report.AcceptanceReportValidationTests.test_skeleton_prepopulates_report_contract_and_blocks_until_reviewed) ... ok

----------------------------------------------------------------------
Ran 30 tests in 1.913s

OK
