===== STDOUT =====

===== STDERR =====
test_ascii_path_component_handles_non_ascii_stem (test_compile_latex_ascii.CompileLatexAsciiTests.test_ascii_path_component_handles_non_ascii_stem) ... ok
test_cli_rejects_invalid_mode_before_creating_build_directory (test_compile_latex_ascii.CompileLatexAsciiTests.test_cli_rejects_invalid_mode_before_creating_build_directory) ... ok
test_cli_rejects_invalid_timeout_values_before_creating_build_directory (test_compile_latex_ascii.CompileLatexAsciiTests.test_cli_rejects_invalid_timeout_values_before_creating_build_directory) ... ok
test_compile_report_fingerprint_helper_detects_changed_tex_or_pdf (test_compile_latex_ascii.CompileLatexAsciiTests.test_compile_report_fingerprint_helper_detects_changed_tex_or_pdf) ... ok
test_copy_candidates_keep_compile_assets_and_skip_bulk_intermediates (test_compile_latex_ascii.CompileLatexAsciiTests.test_copy_candidates_keep_compile_assets_and_skip_bulk_intermediates) ... ok
test_final_mode_fails_when_successful_engine_emits_no_pdf_even_if_final_pdf_exists (test_compile_latex_ascii.CompileLatexAsciiTests.test_final_mode_fails_when_successful_engine_emits_no_pdf_even_if_final_pdf_exists) ... ERROR: final compile failed: current build did not produce main.pdf: D:\Project\video2pdf\newskill-kimi\待删除\skill-tests\final-stale-preexisting-pdf-1784070969367936700\待删除\latex-build\20260715_071609_370427_0ca56bbb\main.pdf; report: D:\Project\video2pdf\newskill-kimi\待删除\skill-tests\final-stale-preexisting-pdf-1784070969367936700\review\latex\compile_report.json
ok
test_final_mode_records_explicit_source_skill (test_compile_latex_ascii.CompileLatexAsciiTests.test_final_mode_records_explicit_source_skill) ... ok
test_final_mode_writes_durable_report_and_final_pdf_provenance (test_compile_latex_ascii.CompileLatexAsciiTests.test_final_mode_writes_durable_report_and_final_pdf_provenance) ... ok
test_final_mode_writes_failed_report_when_engine_exits_unsuccessfully (test_compile_latex_ascii.CompileLatexAsciiTests.test_final_mode_writes_failed_report_when_engine_exits_unsuccessfully) ... ERROR: final compile failed: LaTeX engine failed on run 1 with exit code 7; report: D:\Project\video2pdf\newskill-kimi\待删除\skill-tests\final-failure-report-1784070970179762800\review\latex\compile_report.json
ok
test_guarded_cli_rejects_caller_controlled_build_root (test_compile_latex_ascii.CompileLatexAsciiTests.test_guarded_cli_rejects_caller_controlled_build_root) ... ok
test_help_documents_guarded_modes_outputs_timeouts_and_long_path_handling (test_compile_latex_ascii.CompileLatexAsciiTests.test_help_documents_guarded_modes_outputs_timeouts_and_long_path_handling) ... ok
test_legacy_positional_cli_keeps_two_run_default (test_compile_latex_ascii.CompileLatexAsciiTests.test_legacy_positional_cli_keeps_two_run_default) ... ok
test_legacy_positional_cli_routes_to_copy_back_compile_path (test_compile_latex_ascii.CompileLatexAsciiTests.test_legacy_positional_cli_routes_to_copy_back_compile_path) ... ok
test_long_path_alias_failure_writes_report_before_engine_start (test_compile_latex_ascii.CompileLatexAsciiTests.test_long_path_alias_failure_writes_report_before_engine_start) ... ERROR: quick compile failed: failed to prepare LaTeX engine cwd: OSError: [Errno 123] automatic short launch alias unavailable during run 1; report: D:\Project\video2pdf\newskill-kimi\待删除\skill-tests\quick-long-cwd-alias-failure-1784070970511870900\long-component\long-component\long-component\long-component\long-component\long-component\long-component\long-component\long-component\long-component\long-component\待删除\latex-build\071610_8a2fad\compile_report.json
ok
test_long_windows_process_cwd_uses_short_alias (test_compile_latex_ascii.CompileLatexAsciiTests.test_long_windows_process_cwd_uses_short_alias) ... ok
test_main_with_explicit_empty_argv_does_not_consume_outer_process_args (test_compile_latex_ascii.CompileLatexAsciiTests.test_main_with_explicit_empty_argv_does_not_consume_outer_process_args) ... ok
test_quick_mode_compiles_from_long_physical_build_directory (test_compile_latex_ascii.CompileLatexAsciiTests.test_quick_mode_compiles_from_long_physical_build_directory) ... ok
test_quick_mode_fails_when_engine_is_idle_past_timeout (test_compile_latex_ascii.CompileLatexAsciiTests.test_quick_mode_fails_when_engine_is_idle_past_timeout) ... ERROR: quick compile failed: idle timeout exceeded during run 1; report: D:\Project\video2pdf\newskill-kimi\待删除\skill-tests\idle-timeout-1784070971030724500\待删除\latex-build\20260715_071611_036922_34caf372\compile_report.json
ok
test_quick_mode_fails_when_total_timeout_expires (test_compile_latex_ascii.CompileLatexAsciiTests.test_quick_mode_fails_when_total_timeout_expires) ... ERROR: quick compile failed: total timeout exceeded during run 1; report: D:\Project\video2pdf\newskill-kimi\待删除\skill-tests\total-timeout-1784070972324100100\待删除\latex-build\20260715_071612_330506_bdd0c268\compile_report.json
ok
test_quick_mode_rejects_missing_engine_path_before_creating_build_directory (test_compile_latex_ascii.CompileLatexAsciiTests.test_quick_mode_rejects_missing_engine_path_before_creating_build_directory) ... ok
test_quick_mode_rejects_missing_tex_path_with_clear_diagnostic (test_compile_latex_ascii.CompileLatexAsciiTests.test_quick_mode_rejects_missing_tex_path_with_clear_diagnostic) ... ok
test_quick_mode_writes_failure_report_when_engine_cannot_start (test_compile_latex_ascii.CompileLatexAsciiTests.test_quick_mode_writes_failure_report_when_engine_cannot_start) ... ERROR: quick compile failed: failed to start LaTeX engine: OSError: [WinError 193] %1 不是有效的 Win32 应用程序。 during run 1; report: D:\Project\video2pdf\newskill-kimi\待删除\skill-tests\engine-startup-failure-1784070973543050000\待删除\latex-build\20260715_071613_549141_4ec213fb\compile_report.json
ok
test_quick_mode_writes_report_under_disposable_video_output_build (test_compile_latex_ascii.CompileLatexAsciiTests.test_quick_mode_writes_report_under_disposable_video_output_build) ... ok
test_short_windows_process_cwd_keeps_original_path (test_compile_latex_ascii.CompileLatexAsciiTests.test_short_windows_process_cwd_keeps_original_path) ... ok
test_windows_timeout_termination_bounds_taskkill_and_falls_back_to_process_kill (test_compile_latex_ascii.CompileLatexAsciiTests.test_windows_timeout_termination_bounds_taskkill_and_falls_back_to_process_kill) ... ok
test_command_like_tool_input_fallback_is_inspected (test_latex_compile_pretooluse_guard.LatexCompilePreToolUseGuardTests.test_command_like_tool_input_fallback_is_inspected) ... ok
test_dangerous_output_directory_forms_are_blocked (test_latex_compile_pretooluse_guard.LatexCompilePreToolUseGuardTests.test_dangerous_output_directory_forms_are_blocked) ... ok
test_direct_xelatex_command_is_blocked (test_latex_compile_pretooluse_guard.LatexCompilePreToolUseGuardTests.test_direct_xelatex_command_is_blocked) ... ok
test_empty_output_directory_is_blocked (test_latex_compile_pretooluse_guard.LatexCompilePreToolUseGuardTests.test_empty_output_directory_is_blocked) ... ok
test_equivalent_direct_latex_engines_are_blocked (test_latex_compile_pretooluse_guard.LatexCompilePreToolUseGuardTests.test_equivalent_direct_latex_engines_are_blocked) ... ok
test_guarded_final_wrapper_mode_is_allowed (test_latex_compile_pretooluse_guard.LatexCompilePreToolUseGuardTests.test_guarded_final_wrapper_mode_is_allowed) ... ok
test_guarded_quick_wrapper_command_is_allowed_with_engine_argument (test_latex_compile_pretooluse_guard.LatexCompilePreToolUseGuardTests.test_guarded_quick_wrapper_command_is_allowed_with_engine_argument) ... ok
test_guarded_wrapper_followed_by_direct_engine_is_blocked (test_latex_compile_pretooluse_guard.LatexCompilePreToolUseGuardTests.test_guarded_wrapper_followed_by_direct_engine_is_blocked) ... ok
test_guarded_wrapper_help_is_allowed_without_compile_mode (test_latex_compile_pretooluse_guard.LatexCompilePreToolUseGuardTests.test_guarded_wrapper_help_is_allowed_without_compile_mode) ... ok
test_hook_config_keeps_stop_guard_and_adds_pretooluse_bash_guard (test_latex_compile_pretooluse_guard.LatexCompilePreToolUseGuardTests.test_hook_config_keeps_stop_guard_and_adds_pretooluse_bash_guard) ... ok
test_latex_engine_name_as_non_command_argument_is_allowed (test_latex_compile_pretooluse_guard.LatexCompilePreToolUseGuardTests.test_latex_engine_name_as_non_command_argument_is_allowed) ... ok
test_literal_build_shell_variable_output_directory_is_blocked (test_latex_compile_pretooluse_guard.LatexCompilePreToolUseGuardTests.test_literal_build_shell_variable_output_directory_is_blocked) ... ok
test_non_latex_shell_command_is_allowed (test_latex_compile_pretooluse_guard.LatexCompilePreToolUseGuardTests.test_non_latex_shell_command_is_allowed) ... ok
test_python_module_source_check_that_names_wrapper_is_allowed (test_latex_compile_pretooluse_guard.LatexCompilePreToolUseGuardTests.test_python_module_source_check_that_names_wrapper_is_allowed) ... ok
test_quoted_bare_engine_invocations_are_blocked (test_latex_compile_pretooluse_guard.LatexCompilePreToolUseGuardTests.test_quoted_bare_engine_invocations_are_blocked) ... ok
test_read_only_anomaly_scan_reports_known_compile_hazards (test_latex_compile_pretooluse_guard.LatexCompilePreToolUseGuardTests.test_read_only_anomaly_scan_reports_known_compile_hazards) ... ok
test_source_reading_command_that_names_wrapper_is_allowed (test_latex_compile_pretooluse_guard.LatexCompilePreToolUseGuardTests.test_source_reading_command_that_names_wrapper_is_allowed) ... ok
test_wrapper_command_without_allowed_mode_is_blocked (test_latex_compile_pretooluse_guard.LatexCompilePreToolUseGuardTests.test_wrapper_command_without_allowed_mode_is_blocked) ... ok

----------------------------------------------------------------------
Ran 43 tests in 7.568s

OK
