===== STDOUT =====

===== STDERR =====
test_atomic_publish_failure_preserves_previous_evidence (__main__.LegacyBaselineCliTests.test_atomic_publish_failure_preserves_previous_evidence) ... ok
test_collector_rejects_caller_supplied_ancestor_commit (__main__.LegacyBaselineCliTests.test_collector_rejects_caller_supplied_ancestor_commit) ... ok
test_collects_repeatable_five_category_baseline_and_valid_manifest (__main__.LegacyBaselineCliTests.test_collects_repeatable_five_category_baseline_and_valid_manifest) ... ok
test_manifest_validator_rejects_tampered_bound_log (__main__.LegacyBaselineCliTests.test_manifest_validator_rejects_tampered_bound_log) ... ok
test_missing_legacy_category_is_rejected_before_execution (__main__.LegacyBaselineCliTests.test_missing_legacy_category_is_rejected_before_execution) ... ok
test_normalization_removes_declared_run_identity_noise_only (__main__.LegacyBaselineCliTests.test_normalization_removes_declared_run_identity_noise_only) ... ok
test_unapproved_status_or_log_drift_blocks_completion (__main__.LegacyBaselineCliTests.test_unapproved_status_or_log_drift_blocks_completion) ... ok
test_canonical_fingerprint_normalizes_newlines_and_rejects_non_utf8 (__main__.LegacyBaselineContractFixtureTests.test_canonical_fingerprint_normalizes_newlines_and_rejects_non_utf8) ... ok
test_evidence_lineage_allows_evidence_only_and_rejects_code_descendant (__main__.LegacyBaselineContractFixtureTests.test_evidence_lineage_allows_evidence_only_and_rejects_code_descendant) ... ok
test_exit_manifest_schema_rejects_timeout_above_maximum (__main__.LegacyBaselineContractFixtureTests.test_exit_manifest_schema_rejects_timeout_above_maximum) ... ok
test_implementation_commit_is_captured_only_from_a_clean_head (__main__.LegacyBaselineContractFixtureTests.test_implementation_commit_is_captured_only_from_a_clean_head) ... ok
test_manifest_command_and_result_tampering_is_rejected (__main__.LegacyBaselineContractFixtureTests.test_manifest_command_and_result_tampering_is_rejected) ... ok
test_positive_and_negative_schema_fixtures (__main__.LegacyBaselineContractFixtureTests.test_positive_and_negative_schema_fixtures) ... ok
test_prevalidated_baseline_semantics_binds_declared_result_identities (__main__.LegacyBaselineContractFixtureTests.test_prevalidated_baseline_semantics_binds_declared_result_identities) ... ok
test_prevalidated_baseline_semantics_rejects_cross_entry_category_drift (__main__.LegacyBaselineContractFixtureTests.test_prevalidated_baseline_semantics_rejects_cross_entry_category_drift) ... ok
test_repository_definition_covers_legacy_authority_without_cutover (__main__.LegacyBaselineContractFixtureTests.test_repository_definition_covers_legacy_authority_without_cutover) ... ok
test_schema_compatibility_layer_fails_closed_on_unknown_keyword (__main__.LegacyBaselineContractFixtureTests.test_schema_compatibility_layer_fails_closed_on_unknown_keyword) ... ok
test_schema_only_accepts_structurally_valid_semantic_error_then_manual_rejects (__main__.LegacyBaselineContractFixtureTests.test_schema_only_accepts_structurally_valid_semantic_error_then_manual_rejects) ... ok
test_schema_only_routes_non_object_roots_to_schema_evaluator (__main__.LegacyBaselineContractFixtureTests.test_schema_only_routes_non_object_roots_to_schema_evaluator) ... ok

----------------------------------------------------------------------
Ran 19 tests in 41.995s

OK
