test_source_identity_and_content_version_are_distinct_authorities (tests.video_workflow.test_production_source_acquisition.ProductionSourceAcquisitionTests.test_source_identity_and_content_version_are_distinct_authorities) ... ok
test_english_subtitle_policy_and_explicit_whisper_fallback_are_bounded (tests.video_workflow.test_production_source_acquisition.ProductionSourceAcquisitionTests.test_english_subtitle_policy_and_explicit_whisper_fallback_are_bounded) ... ok
test_downstream_reader_rejects_noncurrent_validated_source_package (tests.video_workflow.test_production_source_acquisition.ProductionSourceAcquisitionTests.test_downstream_reader_rejects_noncurrent_validated_source_package) ... ok
test_fresh_download_and_whisper_launch_only_through_resource_admission (tests.video_workflow.test_production_source_acquisition_hardening.ProductionSourceAcquisitionHardeningTests.test_fresh_download_and_whisper_launch_only_through_resource_admission) ... ok
test_cookie_rejection_is_user_input_and_opens_only_platform_breaker (tests.video_workflow.test_production_source_acquisition_hardening.ProductionSourceAcquisitionHardeningTests.test_cookie_rejection_is_user_input_and_opens_only_platform_breaker) ... ok
test_publication_recovers_every_fault_and_commits_current_source (tests.video_workflow.test_source_publication.SourcePublicationTests.test_publication_recovers_every_fault_and_commits_current_source) ... ok
test_source_reopen_transitively_stales_dependents_and_recovers_fault_boundaries (tests.video_workflow.test_production_source_acquisition_hardening.ProductionSourceAcquisitionHardeningTests.test_source_reopen_transitively_stales_dependents_and_recovers_fault_boundaries) ... ok
test_cookie_rejection_persists_run_blocker_and_scoped_breaker (tests.video_workflow.test_production_source_acquisition_hardening.ProductionSourceAcquisitionHardeningTests.test_cookie_rejection_persists_run_blocker_and_scoped_breaker) ... ok
test_three_stage_source_tasks_complete_through_resource_admission (tests.video_workflow.test_production_source_tasks.ProductionSourceTaskTests.test_three_stage_source_tasks_complete_through_resource_admission) ... ok
test_provider_inventory_authenticates_the_exact_candidate_staging_set (tests.video_workflow.test_production_source_tasks.ProductionSourceTaskTests.test_provider_inventory_authenticates_the_exact_candidate_staging_set) ... ok
test_whisper_output_uses_a_strict_utf8_lf_srt_byte_contract (tests.video_workflow.test_production_source_tasks.ProductionSourceTaskTests.test_whisper_output_uses_a_strict_utf8_lf_srt_byte_contract) ... ok
test_fresh_materializer_binds_controls_and_canonicalizes_every_artifact (tests.video_workflow.test_source_package.SourcePackageTests.test_fresh_materializer_binds_controls_and_canonicalizes_every_artifact) ... ok
test_verified_import_skips_agent_and_preserves_content_version (tests.video_workflow.test_source_package.SourcePackageTests.test_verified_import_skips_agent_and_preserves_content_version) ... ok
test_materializer_rejects_binding_drift_and_agent_mechanical_fields (tests.video_workflow.test_source_package.SourcePackageTests.test_materializer_rejects_binding_drift_and_agent_mechanical_fields) ... ok
test_public_source_import_creates_current_v2_package_without_semantic_task (tests.video_workflow.test_verified_source_import_cli.VerifiedSourceImportCliTests.test_public_source_import_creates_current_v2_package_without_semantic_task) ... ok
test_public_source_import_rejects_a_noncurrent_prior_package (tests.video_workflow.test_verified_source_import_cli.VerifiedSourceImportCliTests.test_public_source_import_rejects_a_noncurrent_prior_package) ... ok
test_deterministic_locator_bootstrap_never_calls_an_adapter_or_runner (tests.video_workflow.test_source_live_smoke.SourceLiveSmokeTests.test_deterministic_locator_bootstrap_never_calls_an_adapter_or_runner) ... ok
test_recorded_live_provider_only_starts_inside_resource_admission (tests.video_workflow.test_source_live_smoke.SourceLiveSmokeTests.test_recorded_live_provider_only_starts_inside_resource_admission) ... ok
test_cookie_rejection_from_admitted_provider_persists_run_blocker (tests.video_workflow.test_source_live_smoke.SourceLiveSmokeTests.test_cookie_rejection_from_admitted_provider_persists_run_blocker) ... ok
test_provider_lease_is_released_when_candidate_materialization_fails (tests.video_workflow.test_source_live_smoke.SourceLiveSmokeTests.test_provider_lease_is_released_when_candidate_materialization_fails) ... ok
test_semantic_lease_is_released_when_judgment_callback_fails (tests.video_workflow.test_source_live_smoke.SourceLiveSmokeTests.test_semantic_lease_is_released_when_judgment_callback_fails) ... ok
test_semantic_lease_is_released_when_judgment_output_is_missing (tests.video_workflow.test_source_live_smoke.SourceLiveSmokeTests.test_semantic_lease_is_released_when_judgment_output_is_missing) ... ok
test_whisper_lease_is_released_when_provider_fails (tests.video_workflow.test_source_live_smoke.SourceLiveSmokeTests.test_whisper_lease_is_released_when_provider_fails) ... ok
test_journal_binding_is_single_assignment_and_state_machine_commits_chain (tests.video_workflow.test_source_publication_control_store.SourcePublicationControlStoreTests.test_journal_binding_is_single_assignment_and_state_machine_commits_chain) ... ok
test_nonterminal_publication_owns_the_single_run_promotion_slot (tests.video_workflow.test_source_publication_control_store.SourcePublicationControlStoreTests.test_nonterminal_publication_owns_the_single_run_promotion_slot) ... ok
test_kernel_finalizer_and_reconciler_commit_real_v9_publication (tests.video_workflow.test_source_publication_integration.SourcePublicationIntegrationTests.test_kernel_finalizer_and_reconciler_commit_real_v9_publication) ... ok
test_reconcile_commits_reopened_v3_run_to_file_backed_authority (tests.video_workflow.test_source_reopen_integration.SourceReopenIntegrationTests.test_reconcile_commits_reopened_v3_run_to_file_backed_authority) ... ok
test_runner_redacts_pre_execution_cookie_after_provider_rewrites_jar (tests.video_workflow.test_provider_secret_snapshot.ProviderSecretSnapshotTests.test_runner_redacts_pre_execution_cookie_after_provider_rewrites_jar) ... ok
test_gate_rejects_an_extra_source_file (tests.video_workflow.test_validated_source_gate.ValidatedSourceGateTests.test_gate_rejects_an_extra_source_file) ... ok
test_gate_rejects_a_hardlinked_source_artifact (tests.video_workflow.test_validated_source_gate.ValidatedSourceGateTests.test_gate_rejects_a_hardlinked_source_artifact) ... ok
test_candidate_write_is_fenced_and_changed_timestamp_replays (tests.video_workflow.test_source_publication_preintent.SourcePublicationPreIntentTests.test_candidate_write_is_fenced_and_changed_timestamp_replays) ... ok
test_partial_candidate_write_resumes_from_frozen_intent (tests.video_workflow.test_source_publication_preintent.SourcePublicationPreIntentTests.test_partial_candidate_write_resumes_from_frozen_intent) ... ok
test_malformed_and_unknown_version_journals_fail_recovery_closed (tests.video_workflow.test_source_reopen_contract.SourceReopenJournalContractTests.test_malformed_and_unknown_version_journals_fail_recovery_closed) ... ok
test_batch_preflight_rejects_candidate_drift_before_any_move (tests.video_workflow.test_source_reopen_contract.SourceReopenJournalContractTests.test_batch_preflight_rejects_candidate_drift_before_any_move) ... ok
test_whisper_lease_is_released_when_transcript_output_is_missing (tests.video_workflow.test_source_live_smoke.SourceLiveSmokeTests.test_whisper_lease_is_released_when_transcript_output_is_missing) ... ok
test_whisper_lease_is_released_when_transcript_output_drifts (tests.video_workflow.test_source_live_smoke.SourceLiveSmokeTests.test_whisper_lease_is_released_when_transcript_output_drifts) ... ok
test_whisper_lease_is_released_when_launch_token_is_ambiguous (tests.video_workflow.test_source_live_smoke.SourceLiveSmokeTests.test_whisper_lease_is_released_when_launch_token_is_ambiguous) ... ok
test_smoke_case_rejects_an_ancestor_link_outside_its_boundary (tests.video_workflow.test_source_live_smoke.SourceLiveSmokeTests.test_smoke_case_rejects_an_ancestor_link_outside_its_boundary) ... ok
test_candidate_target_parent_junction_fails_before_any_publication (tests.video_workflow.test_source_candidates.SourceCandidateTests.test_candidate_target_parent_junction_fails_before_any_publication) ... ok
test_materializer_rejects_descendant_junction_before_writing_outside_run (tests.video_workflow.test_source_package.SourcePackageTests.test_materializer_rejects_descendant_junction_before_writing_outside_run) ... ok
test_materializer_rejects_a_hardlinked_candidate_file (tests.video_workflow.test_source_package.SourcePackageTests.test_materializer_rejects_a_hardlinked_candidate_file) ... ok
test_publication_rejects_canonical_parent_junction_before_external_write (tests.video_workflow.test_source_publication.SourcePublicationTests.test_publication_rejects_canonical_parent_junction_before_external_write) ... ok
test_public_source_import_rejects_a_linked_prior_source_descendant (tests.video_workflow.test_verified_source_import_cli.VerifiedSourceImportCliTests.test_public_source_import_rejects_a_linked_prior_source_descendant) ... ok
test_reclaimed_provider_attempt_promotes_only_the_replacement_candidate_set (tests.video_workflow.test_provider_candidate_promotion.ProviderCandidatePromotionTests.test_reclaimed_provider_attempt_promotes_only_the_replacement_candidate_set) ... ok
test_completion_rejects_a_hardlinked_candidate_file (tests.video_workflow.test_provider_candidate_promotion.ProviderCandidatePromotionTests.test_completion_rejects_a_hardlinked_candidate_file) ... ok
test_hardlinked_required_output_is_rejected_before_completion (tests.video_workflow.test_task_promotion_hardening.TaskFailClosedTests.test_hardlinked_required_output_is_rejected_before_completion) ... ok
test_cookie_rejected_run_resolves_after_platform_breaker_closes (tests.video_workflow.test_production_source_tasks.ProductionSourceTaskTests.test_cookie_rejected_run_resolves_after_platform_breaker_closes) ... ok
test_source_blocker_resolution_cli_closes_the_user_input_transition (tests.video_workflow.test_production_source_tasks.ProductionSourceTaskTests.test_source_blocker_resolution_cli_closes_the_user_input_transition) ... ok
test_credential_resolution_reconcile_requires_bound_evidence (tests.video_workflow.test_production_source_tasks.ProductionSourceTaskTests.test_credential_resolution_reconcile_requires_bound_evidence) ... ok
test_credential_resolution_recovery_rejects_missing_or_drifted_evidence (tests.video_workflow.test_production_source_tasks.ProductionSourceTaskTests.test_credential_resolution_recovery_rejects_missing_or_drifted_evidence) ... ok
test_ready_source_reopens_and_republishes_changed_candidate_content (tests.video_workflow.test_production_source_tasks.ProductionSourceTaskTests.test_ready_source_reopens_and_republishes_changed_candidate_content) ... ok
test_reconcile_commits_a_contract_valid_stale_v3_run (tests.video_workflow.test_production_source_drift_recovery.ProductionSourceDriftRecoveryTests.test_reconcile_commits_a_contract_valid_stale_v3_run) ... ok
test_run_plan_excludes_circular_transaction_journal_authority (tests.video_workflow.test_production_artifact_plan_honesty.ProductionArtifactPlanHonestyTests.test_run_plan_excludes_circular_transaction_journal_authority) ... ok

----------------------------------------------------------------------
Ran 53 tests in 504.446s

OK

EVIDENCE_IMPLEMENTATION_COMMIT: be7739fed8e224ea5c7c8abd4cb7f33a2c706ff7
EVIDENCE_FAULT_POINT: after_source_publication_intent_prepared
EVIDENCE_FAULT_POINT: after_source_publication_journal_written
EVIDENCE_FAULT_POINT: after_source_publication_journal_bound
EVIDENCE_FAULT_POINT: after_prior_source_preserved
EVIDENCE_FAULT_POINT: after_source_tree_published
EVIDENCE_FAULT_POINT: after_source_files_state_commit
EVIDENCE_FAULT_POINT: after_source_run_record_commit_marker
EVIDENCE_FAULT_POINT: after_source_record_state_commit
EVIDENCE_FAULT_POINT: before_source_publication_intent_commit
EVIDENCE_FAULT_POINT: after_source_publication_intent_commit
EVIDENCE_FAULT_POINT: after_reopen_prepared
EVIDENCE_FAULT_POINT: after_reopen_source_preserved
EVIDENCE_FAULT_POINT: after_reopen_run_record_commit
