test_multi_resource_request_is_atomic_and_launch_requires_admission (tests.video_workflow.test_resource_admission.ResourceAdmissionTests.test_multi_resource_request_is_atomic_and_launch_requires_admission) ... ok
test_reclaim_invalidates_queued_attempt_and_preserves_admitted_lease (tests.video_workflow.test_resource_admission.ResourceAdmissionTests.test_reclaim_invalidates_queued_attempt_and_preserves_admitted_lease) ... ok
test_launch_authorization_is_resource_bound_and_single_use (tests.video_workflow.test_resource_admission.ResourceAdmissionTests.test_launch_authorization_is_resource_bound_and_single_use) ... ok
test_multi_resource_launch_requires_the_exact_immutable_request (tests.video_workflow.test_resource_admission.ResourceAdmissionTests.test_multi_resource_launch_requires_the_exact_immutable_request) ... ok
test_crash_after_launch_authorization_cannot_replay_callback (tests.video_workflow.test_resource_admission.ResourceAdmissionTests.test_crash_after_launch_authorization_cannot_replay_callback) ... ok
test_two_level_round_robin_is_deterministic_and_survives_restart (tests.video_workflow.test_resource_admission.ResourceAdmissionTests.test_two_level_round_robin_is_deterministic_and_survives_restart) ... ok
test_round_robin_cursor_keeps_position_after_served_identity_dequeues (tests.video_workflow.test_resource_admission.ResourceAdmissionTests.test_round_robin_cursor_keeps_position_after_served_identity_dequeues) ... ok
test_reserved_admission_advances_fairness_cursor_before_next_ordinary_turn (tests.video_workflow.test_resource_admission.ResourceAdmissionTests.test_reserved_admission_advances_fairness_cursor_before_next_ordinary_turn) ... ok
test_zero_quota_rejects_before_claim_or_queue_is_persisted (tests.video_workflow.test_resource_admission.ResourceAdmissionTests.test_zero_quota_rejects_before_claim_or_queue_is_persisted) ... ok
test_quota_downshift_drains_without_preemption_and_unrelated_work_runs (tests.video_workflow.test_resource_admission.ResourceAdmissionTests.test_quota_downshift_drains_without_preemption_and_unrelated_work_runs) ... ok
test_draining_reservations_are_disjoint_and_stably_ordered (tests.video_workflow.test_resource_admission.ResourceAdmissionTests.test_draining_reservations_are_disjoint_and_stably_ordered) ... ok
test_circuit_breaker_blocks_only_its_resource_class (tests.video_workflow.test_resource_admission.ResourceAdmissionTests.test_circuit_breaker_blocks_only_its_resource_class) ... ok
test_new_reservation_blocks_later_same_pass_overlap (tests.video_workflow.test_resource_admission.ResourceAdmissionTests.test_new_reservation_blocks_later_same_pass_overlap) ... ok
test_unknown_lease_survives_reclaim_until_evidence_bearing_resolution (tests.video_workflow.test_resource_admission.ResourceAdmissionTests.test_unknown_lease_survives_reclaim_until_evidence_bearing_resolution) ... ok
test_process_and_provider_resolution_require_trusted_verifier_proof (tests.video_workflow.test_resource_admission.ResourceAdmissionTests.test_process_and_provider_resolution_require_trusted_verifier_proof) ... ok
test_local_process_resolution_stays_unknown_while_matching_process_runs (tests.video_workflow.test_resource_admission.ResourceAdmissionTests.test_local_process_resolution_stays_unknown_while_matching_process_runs) ... ok
test_resource_resolution_rejects_self_asserted_trust_booleans (tests.video_workflow.test_resource_admission.ResourceAdmissionTests.test_resource_resolution_rejects_self_asserted_trust_booleans) ... ok
test_claim_resource_transaction_faults_roll_back_without_partial_authority (tests.video_workflow.test_resource_admission.ResourceAdmissionTests.test_claim_resource_transaction_faults_roll_back_without_partial_authority) ... ok
test_reclaim_resource_transaction_faults_roll_back_and_replay_cleanly (tests.video_workflow.test_resource_admission.ResourceAdmissionTests.test_reclaim_resource_transaction_faults_roll_back_and_replay_cleanly) ... ok
test_temporarily_unschedulable_reservation_blocks_full_set_but_not_disjoint_resources (tests.video_workflow.test_resource_admission.ResourceAdmissionTests.test_temporarily_unschedulable_reservation_blocks_full_set_but_not_disjoint_resources) ... ok
test_resource_control_cli_exposes_public_operational_seams (tests.video_workflow.test_resource_admission.ResourceAdmissionTests.test_resource_control_cli_exposes_public_operational_seams) ... ok
test_launcher_failure_paths_persist_one_audited_unknown_event_and_remain_fenced (tests.video_workflow.test_resource_admission.ResourceAdmissionTests.test_launcher_failure_paths_persist_one_audited_unknown_event_and_remain_fenced) ... ok
test_stale_claim_after_blocked_launch_callback_commits_unknown_before_conflict (tests.video_workflow.test_resource_admission.ResourceAdmissionTests.test_stale_claim_after_blocked_launch_callback_commits_unknown_before_conflict) ... ok
test_launch_completion_with_wrong_lease_generation_has_zero_mutation (tests.video_workflow.test_resource_admission.ResourceAdmissionTests.test_launch_completion_with_wrong_lease_generation_has_zero_mutation) ... ok
test_reconciled_inflight_launch_persists_identity_for_trusted_resolution (tests.video_workflow.test_resource_admission.ResourceAdmissionTests.test_reconciled_inflight_launch_persists_identity_for_trusted_resolution) ... ok
test_normal_release_rejects_unverified_provider_result_without_releasing_capacity (tests.video_workflow.test_resource_admission.ResourceAdmissionTests.test_normal_release_rejects_unverified_provider_result_without_releasing_capacity) ... ok
test_normal_release_requires_provider_result_bound_to_lease_attempt_and_launch_authority (tests.video_workflow.test_resource_admission.ResourceAdmissionTests.test_normal_release_requires_provider_result_bound_to_lease_attempt_and_launch_authority) ... ok
test_normal_release_accepts_only_trusted_matching_local_process_proof (tests.video_workflow.test_resource_admission.ResourceAdmissionTests.test_normal_release_accepts_only_trusted_matching_local_process_proof) ... ok
test_reclaim_advances_claim_and_queues_replacement_when_quota_is_zero (tests.video_workflow.test_resource_admission.ResourceAdmissionTests.test_reclaim_advances_claim_and_queues_replacement_when_quota_is_zero) ... ok
test_provider_resolution_replay_reuses_persisted_proof_before_verifier (tests.video_workflow.test_resource_admission.ResourceAdmissionTests.test_provider_resolution_replay_reuses_persisted_proof_before_verifier) ... ok
test_local_process_resolution_replay_reuses_persisted_proof_before_inspector (tests.video_workflow.test_resource_admission.ResourceAdmissionTests.test_local_process_resolution_replay_reuses_persisted_proof_before_inspector) ... ok
test_configuration_requires_every_fixed_resource_class_exactly_once (tests.video_workflow.test_resource_admission.ResourceAdmissionTests.test_configuration_requires_every_fixed_resource_class_exactly_once) ... ok
test_multi_resource_quota_race_is_atomic_across_processes (tests.video_workflow.test_resource_admission_multiprocess.ResourceAdmissionMultiprocessTests.test_multi_resource_quota_race_is_atomic_across_processes) ... ok
test_same_task_claim_race_has_exactly_one_owner (tests.video_workflow.test_resource_admission_multiprocess.ResourceAdmissionMultiprocessTests.test_same_task_claim_race_has_exactly_one_owner) ... ok
test_launch_race_invokes_callback_exactly_once_across_processes (tests.video_workflow.test_resource_admission_multiprocess.ResourceAdmissionMultiprocessTests.test_launch_race_invokes_callback_exactly_once_across_processes) ... ok
test_hard_crash_after_callback_cannot_replay_launch (tests.video_workflow.test_resource_admission_multiprocess.ResourceAdmissionMultiprocessTests.test_hard_crash_after_callback_cannot_replay_launch) ... ok
test_missing_lease_resource_or_required_index_fails_closed (tests.video_workflow.test_resource_control_store_integrity.ResourceControlStoreIntegrityTests.test_missing_lease_resource_or_required_index_fails_closed) ... ok
test_configuration_and_queue_lease_tampering_fails_closed (tests.video_workflow.test_resource_control_store_integrity.ResourceControlStoreIntegrityTests.test_configuration_and_queue_lease_tampering_fails_closed) ... ok
test_queue_and_normalized_lease_double_tamper_breaks_request_binding (tests.video_workflow.test_resource_control_store_integrity.ResourceControlStoreIntegrityTests.test_queue_and_normalized_lease_double_tamper_breaks_request_binding) ... ok
test_real_v7_store_migrates_atomically_to_complete_v8 (tests.video_workflow.test_resource_control_store_integrity.ResourceControlStoreIntegrityTests.test_real_v7_store_migrates_atomically_to_complete_v8) ... ok
test_partial_v8_resource_migration_fails_closed_without_repairing_it (tests.video_workflow.test_resource_control_store_integrity.ResourceControlStoreIntegrityTests.test_partial_v8_resource_migration_fails_closed_without_repairing_it) ... ok
test_resource_schema_and_sequence_authorities_are_closed_and_exact (tests.video_workflow.test_resource_control_store_integrity.ResourceControlStoreIntegrityTests.test_resource_schema_and_sequence_authorities_are_closed_and_exact) ... ok
test_lease_launch_and_terminal_state_matrix_rejects_double_tamper (tests.video_workflow.test_resource_control_store_integrity.ResourceControlStoreIntegrityTests.test_lease_launch_and_terminal_state_matrix_rejects_double_tamper) ... ok
test_event_cursor_and_breaker_identity_tampering_fails_closed (tests.video_workflow.test_resource_control_store_integrity.ResourceControlStoreIntegrityTests.test_event_cursor_and_breaker_identity_tampering_fails_closed) ... ok
test_queue_and_reservation_lifecycle_tampering_fails_closed (tests.video_workflow.test_resource_control_store_integrity.ResourceControlStoreIntegrityTests.test_queue_and_reservation_lifecycle_tampering_fails_closed) ... ok
test_append_only_resource_sequence_gaps_fail_closed (tests.video_workflow.test_resource_control_store_integrity.ResourceControlStoreIntegrityTests.test_append_only_resource_sequence_gaps_fail_closed) ... ok

----------------------------------------------------------------------
Ran 46 tests in 647.027s

OK

EVIDENCE_IMPLEMENTATION_COMMIT: 27ce3c0164fda7818aeeccc0a650a11fbf4f4f07
EVIDENCE_FAULT_POINT: after_claim_before_enqueue
EVIDENCE_FAULT_POINT: after_claim_enqueue_before_schedule
EVIDENCE_FAULT_POINT: after_claim_schedule_before_commit
EVIDENCE_FAULT_POINT: after_reclaim_before_enqueue
EVIDENCE_FAULT_POINT: after_reclaim_enqueue_before_schedule
EVIDENCE_FAULT_POINT: after_reclaim_schedule_before_commit
