test_backup_uses_sqlite_backup_api_and_passes_integrity (tests.video_workflow.test_control_store_recovery.ControlStoreRecoveryTests.test_backup_uses_sqlite_backup_api_and_passes_integrity) ... ok
test_restore_reconciles_every_run_through_public_kernel_authority (tests.video_workflow.test_control_store_recovery.ControlStoreRecoveryTests.test_restore_reconciles_every_run_through_public_kernel_authority) ... ok
test_orphaned_filesystem_commit_blocks_global_mutation_after_restore (tests.video_workflow.test_control_store_recovery.ControlStoreRecoveryTests.test_orphaned_filesystem_commit_blocks_global_mutation_after_restore) ... ok
test_missing_corrupt_and_schema_mismatched_backups_fail_closed (tests.video_workflow.test_control_store_recovery.ControlStoreRecoveryTests.test_missing_corrupt_and_schema_mismatched_backups_fail_closed) ... ok
test_restore_requires_quiescence_and_explicit_selected_backup (tests.video_workflow.test_control_store_recovery.ControlStoreRecoveryTests.test_restore_requires_quiescence_and_explicit_selected_backup) ... ok
test_corrupt_live_store_uses_atomic_quarantine_and_persists_failure_evidence (tests.video_workflow.test_control_store_recovery.ControlStoreRecoveryTests.test_corrupt_live_store_uses_atomic_quarantine_and_persists_failure_evidence) ... ok
test_restore_resume_recovers_every_persistent_state_boundary (tests.video_workflow.test_control_store_recovery.ControlStoreRecoveryTests.test_restore_resume_recovers_every_persistent_state_boundary) ... ok
test_subsequent_orphan_records_task_staging_and_preservation_evidence (tests.video_workflow.test_control_store_recovery.ControlStoreRecoveryTests.test_subsequent_orphan_records_task_staging_and_preservation_evidence) ... ok
test_restore_resume_repairs_one_record_ahead_windows (tests.video_workflow.test_control_store_recovery.ControlStoreRecoveryTests.test_restore_resume_repairs_one_record_ahead_windows) ... ok
test_restore_resume_survives_partial_publication (tests.video_workflow.test_control_store_recovery.ControlStoreRecoveryTests.test_restore_resume_survives_partial_publication) ... ok
test_restore_resume_cli_recovers_hard_exit_and_fences_concurrency (tests.video_workflow.test_control_store_recovery.ControlStoreRecoveryTests.test_restore_resume_cli_recovers_hard_exit_and_fences_concurrency) ... ok
test_restore_resume_rejects_impossible_authority_and_report_drift (tests.video_workflow.test_control_store_recovery.ControlStoreRecoveryTests.test_restore_resume_rejects_impossible_authority_and_report_drift) ... ok
test_restore_resume_repairs_initial_sentinel_before_prepared_history (tests.video_workflow.test_control_store_recovery.ControlStoreRecoveryTests.test_restore_resume_repairs_initial_sentinel_before_prepared_history) ... ok
test_restore_resume_preserves_resource_transition_evidence_after_hard_exit (tests.video_workflow.test_control_store_recovery.ControlStoreRecoveryTests.test_restore_resume_preserves_resource_transition_evidence_after_hard_exit) ... ok
test_restore_resume_repairs_blocked_state_ahead_and_preserves_report_bindings (tests.video_workflow.test_control_store_recovery.ControlStoreRecoveryTests.test_restore_resume_repairs_blocked_state_ahead_and_preserves_report_bindings) ... ok
test_restore_resume_rejects_non_file_active_sentinel_authority (tests.video_workflow.test_control_store_recovery.ControlStoreRecoveryTests.test_restore_resume_rejects_non_file_active_sentinel_authority) ... ok
test_recovery_contract_rejects_contradictory_resource_inventory (tests.video_workflow.test_control_store_recovery.ControlStoreRecoveryTests.test_recovery_contract_rejects_contradictory_resource_inventory) ... ok
test_restore_resume_rejects_windows_junction_authority_boundaries (tests.video_workflow.test_control_store_recovery.ControlStoreRecoveryTests.test_restore_resume_rejects_windows_junction_authority_boundaries) ... ok
test_restore_lock_rechecks_open_handle_path_identity (tests.video_workflow.test_control_store_recovery.ControlStoreRecoveryTests.test_restore_lock_rechecks_open_handle_path_identity) ... ok
test_first_restore_path_revalidates_committed_report_before_archive (tests.video_workflow.test_control_store_recovery.ControlStoreRecoveryTests.test_first_restore_path_revalidates_committed_report_before_archive) ... ok
test_restore_busy_quiescence_failure_does_not_quarantine_or_publish (tests.video_workflow.test_control_store_recovery.ControlStoreRecoveryTests.test_restore_busy_quiescence_failure_does_not_quarantine_or_publish) ... ok

----------------------------------------------------------------------
Ran 21 tests in 291.802s

OK

EVIDENCE_IMPLEMENTATION_COMMIT: 27ce3c0164fda7818aeeccc0a650a11fbf4f4f07
